ISim log file
Running: D:\4VP23AI019\EXP4\FULLSUBS_isim_beh.exe -intstyle ise -gui -tclbatch isim.cmd -wdb D:/4VP23AI019/EXP4/FULLSUBS_isim_beh.wdb 
ISim P.20131013 (signature 0x7708f090)
This is a Full version of ISim.
Time resolution is 1 ps
# onerror resume
# wave add /
# run 1000 ns
Simulator is doing circuit initialization process.
Finished circuit initialization process.
# isim force add /FULLSUBS/A 0 -radix bin
# isim force add /FULLSUBS/A 0 -radix bin
# isim force add /FULLSUBS/B 0 -radix bin
# isim force add /FULLSUBS/B 0 -radix bin
# isim force add /FULLSUBS/C 0 -radix bin
# isim force add /FULLSUBS/C 0 -radix bin
# run 1.00us
# isim force add /FULLSUBS/C 1 -radix bin
# isim force add /FULLSUBS/C 1 -radix bin
# run 1.00us
# isim force add /FULLSUBS/B 1 -radix bin
# isim force add /FULLSUBS/B 1 -radix bin
# isim force add /FULLSUBS/C 0 -radix bin
# isim force add /FULLSUBS/C 0 -radix bin
# run 1.00us
# isim force add /FULLSUBS/C 1 -radix bin
# isim force add /FULLSUBS/C 1 -radix bin
# run 1.00us
# isim force add /FULLSUBS/A 1 -radix bin
# isim force add /FULLSUBS/A 1 -radix bin
# isim force add /FULLSUBS/B 0 -radix bin
# isim force add /FULLSUBS/B 0 -radix bin
# isim force add /FULLSUBS/C 0 -radix bin
# isim force add /FULLSUBS/C 0 -radix bin
# run 1.00us
# isim force add /FULLSUBS/C 1 -radix bin
# isim force add /FULLSUBS/C 1 -radix bin
# run 1.00us
# isim force add /FULLSUBS/B 1 -radix bin
# isim force add /FULLSUBS/B 1 -radix bin
# isim force add /FULLSUBS/C 0 -radix bin
# isim force add /FULLSUBS/C 0 -radix bin
# isim force add /FULLSUBS/C 0 -radix bin
# run 1.00us
# isim force add /FULLSUBS/C 1 -radix bin
# isim force add /FULLSUBS/C 1 -radix bin
# run 1.00us
